<?xml version="1.0" encoding="UTF-8"?>
<testsuite name="net.grigdim.sms.StudentManagementSystemApplicationTests" tests="1" skipped="0" failures="0" errors="0" timestamp="2022-07-12T09:37:55" hostname="Silias-MacBook-Pro.local" time="0.26">
  <properties/>
  <testcase name="contextLoads()" classname="net.grigdim.sms.StudentManagementSystemApplicationTests" time="0.26"/>
  <system-out><![CDATA[12:37:46.968 [Test worker] DEBUG org.springframework.test.context.BootstrapUtils - Instantiating CacheAwareContextLoaderDelegate from class [org.springframework.test.context.cache.DefaultCacheAwareContextLoaderDelegate]
12:37:47.009 [Test worker] DEBUG org.springframework.test.context.BootstrapUtils - Instantiating BootstrapContext using constructor [public org.springframework.test.context.support.DefaultBootstrapContext(java.lang.Class,org.springframework.test.context.CacheAwareContextLoaderDelegate)]
12:37:47.105 [Test worker] DEBUG org.springframework.test.context.BootstrapUtils - Instantiating TestContextBootstrapper for test class [net.grigdim.sms.StudentManagementSystemApplicationTests] from class [org.springframework.boot.test.context.SpringBootTestContextBootstrapper]
12:37:47.134 [Test worker] INFO org.springframework.boot.test.context.SpringBootTestContextBootstrapper - Neither @ContextConfiguration nor @ContextHierarchy found for test class [net.grigdim.sms.StudentManagementSystemApplicationTests], using SpringBootContextLoader
12:37:47.148 [Test worker] DEBUG org.springframework.test.context.support.AbstractContextLoader - Did not detect default resource location for test class [net.grigdim.sms.StudentManagementSystemApplicationTests]: class path resource [net/grigdim/sms/StudentManagementSystemApplicationTests-context.xml] does not exist
12:37:47.159 [Test worker] DEBUG org.springframework.test.context.support.AbstractContextLoader - Did not detect default resource location for test class [net.grigdim.sms.StudentManagementSystemApplicationTests]: class path resource [net/grigdim/sms/StudentManagementSystemApplicationTestsContext.groovy] does not exist
12:37:47.159 [Test worker] INFO org.springframework.test.context.support.AbstractContextLoader - Could not detect default resource locations for test class [net.grigdim.sms.StudentManagementSystemApplicationTests]: no resource found for suffixes {-context.xml, Context.groovy}.
12:37:47.162 [Test worker] INFO org.springframework.test.context.support.AnnotationConfigContextLoaderUtils - Could not detect default configuration classes for test class [net.grigdim.sms.StudentManagementSystemApplicationTests]: StudentManagementSystemApplicationTests does not declare any static, non-private, non-final, nested classes annotated with @Configuration.
12:37:47.241 [Test worker] DEBUG org.springframework.test.context.support.ActiveProfilesUtils - Could not find an 'annotation declaring class' for annotation type [org.springframework.test.context.ActiveProfiles] and class [net.grigdim.sms.StudentManagementSystemApplicationTests]
12:37:47.308 [Test worker] DEBUG org.springframework.context.annotation.ClassPathScanningCandidateComponentProvider - Identified candidate component class: file [/Users/sils/Desktop/IdeaProjects/student-management-system/build/classes/java/main/net/grigdim/sms/StudentManagementSystemApplication.class]
12:37:47.310 [Test worker] INFO org.springframework.boot.test.context.SpringBootTestContextBootstrapper - Found @SpringBootConfiguration net.grigdim.sms.StudentManagementSystemApplication for test class net.grigdim.sms.StudentManagementSystemApplicationTests
12:37:47.662 [Test worker] DEBUG org.springframework.boot.test.context.SpringBootTestContextBootstrapper - @TestExecutionListeners is not present for class [net.grigdim.sms.StudentManagementSystemApplicationTests]: using defaults.
12:37:47.663 [Test worker] INFO org.springframework.boot.test.context.SpringBootTestContextBootstrapper - Loaded default TestExecutionListener class names from location [META-INF/spring.factories]: [org.springframework.boot.test.autoconfigure.restdocs.RestDocsTestExecutionListener, org.springframework.boot.test.autoconfigure.web.client.MockRestServiceServerResetTestExecutionListener, org.springframework.boot.test.autoconfigure.web.servlet.MockMvcPrintOnlyOnFailureTestExecutionListener, org.springframework.boot.test.autoconfigure.web.servlet.WebDriverTestExecutionListener, org.springframework.boot.test.autoconfigure.webservices.client.MockWebServiceServerTestExecutionListener, org.springframework.boot.test.mock.mockito.MockitoTestExecutionListener, org.springframework.boot.test.mock.mockito.ResetMocksTestExecutionListener, org.springframework.test.context.web.ServletTestExecutionListener, org.springframework.test.context.support.DirtiesContextBeforeModesTestExecutionListener, org.springframework.test.context.event.ApplicationEventsTestExecutionListener, org.springframework.test.context.support.DependencyInjectionTestExecutionListener, org.springframework.test.context.support.DirtiesContextTestExecutionListener, org.springframework.test.context.transaction.TransactionalTestExecutionListener, org.springframework.test.context.jdbc.SqlScriptsTestExecutionListener, org.springframework.test.context.event.EventPublishingTestExecutionListener]
12:37:47.686 [Test worker] INFO org.springframework.boot.test.context.SpringBootTestContextBootstrapper - Using TestExecutionListeners: [org.springframework.test.context.web.ServletTestExecutionListener@7a791b66, org.springframework.test.context.support.DirtiesContextBeforeModesTestExecutionListener@6f2cb653, org.springframework.test.context.event.ApplicationEventsTestExecutionListener@14c01636, org.springframework.boot.test.mock.mockito.MockitoTestExecutionListener@590c73d3, org.springframework.boot.test.autoconfigure.SpringBootDependencyInjectionTestExecutionListener@6b9ce1bf, org.springframework.test.context.support.DirtiesContextTestExecutionListener@61884cb1, org.springframework.test.context.transaction.TransactionalTestExecutionListener@75ed9710, org.springframework.test.context.jdbc.SqlScriptsTestExecutionListener@4fc5e095, org.springframework.test.context.event.EventPublishingTestExecutionListener@435871cb, org.springframework.boot.test.autoconfigure.restdocs.RestDocsTestExecutionListener@609640d5, org.springframework.boot.test.autoconfigure.web.client.MockRestServiceServerResetTestExecutionListener@79da1ec0, org.springframework.boot.test.autoconfigure.web.servlet.MockMvcPrintOnlyOnFailureTestExecutionListener@19fb8826, org.springframework.boot.test.autoconfigure.web.servlet.WebDriverTestExecutionListener@192d74fb, org.springframework.boot.test.autoconfigure.webservices.client.MockWebServiceServerTestExecutionListener@4bef0fe3, org.springframework.boot.test.mock.mockito.ResetMocksTestExecutionListener@62ea3440]
12:37:47.693 [Test worker] DEBUG org.springframework.test.context.support.AbstractDirtiesContextTestExecutionListener - Before test class: context [DefaultTestContext@3b956878 testClass = StudentManagementSystemApplicationTests, testInstance = [null], testMethod = [null], testException = [null], mergedContextConfiguration = [WebMergedContextConfiguration@36546a22 testClass = StudentManagementSystemApplicationTests, locations = '{}', classes = '{class net.grigdim.sms.StudentManagementSystemApplication}', contextInitializerClasses = '[]', activeProfiles = '{}', propertySourceLocations = '{}', propertySourceProperties = '{org.springframework.boot.test.context.SpringBootTestContextBootstrapper=true}', contextCustomizers = set[org.springframework.boot.test.autoconfigure.actuate.metrics.MetricsExportContextCustomizerFactory$DisableMetricExportContextCustomizer@3688eb5b, org.springframework.boot.test.autoconfigure.properties.PropertyMappingContextCustomizer@0, org.springframework.boot.test.autoconfigure.web.servlet.WebDriverContextCustomizerFactory$Customizer@be68757, org.springframework.boot.test.context.filter.ExcludeFilterContextCustomizer@1f53a5dc, org.springframework.boot.test.json.DuplicateJsonObjectContextCustomizerFactory$DuplicateJsonObjectContextCustomizer@c7ba306, org.springframework.boot.test.mock.mockito.MockitoContextCustomizer@0, org.springframework.boot.test.web.client.TestRestTemplateContextCustomizer@21ba0741, org.springframework.boot.test.context.SpringBootTestArgs@1, org.springframework.boot.test.context.SpringBootTestWebEnvironment@6aaceffd], resourceBasePath = 'src/main/webapp', contextLoader = 'org.springframework.boot.test.context.SpringBootContextLoader', parent = [null]], attributes = map['org.springframework.test.context.web.ServletTestExecutionListener.activateListener' -> true]], class annotated with @DirtiesContext [false] with mode [null].

  .   ____          _            __ _ _
 /\\ / ___'_ __ _ _(_)_ __  __ _ \ \ \ \
( ( )\___ | '_ | '_| | '_ \/ _` | \ \ \ \
 \\/  ___)| |_)| | | | | || (_| |  ) ) ) )
  '  |____| .__|_| |_|_| |_\__, | / / / /
 =========|_|==============|___/=/_/_/_/
 :: Spring Boot ::                (v2.7.1)

2022-07-12 12:37:48.267  INFO 16871 --- [    Test worker] .StudentManagementSystemApplicationTests : Starting StudentManagementSystemApplicationTests using Java 17.0.2 on Silias-MacBook-Pro.local with PID 16871 (started by sils in /Users/sils/Desktop/IdeaProjects/student-management-system)
2022-07-12 12:37:48.268  INFO 16871 --- [    Test worker] .StudentManagementSystemApplicationTests : No active profile set, falling back to 1 default profile: "default"
2022-07-12 12:37:49.251  INFO 16871 --- [    Test worker] .s.d.r.c.RepositoryConfigurationDelegate : Bootstrapping Spring Data JPA repositories in DEFAULT mode.
2022-07-12 12:37:49.336  INFO 16871 --- [    Test worker] .s.d.r.c.RepositoryConfigurationDelegate : Finished Spring Data repository scanning in 73 ms. Found 1 JPA repository interfaces.
2022-07-12 12:37:50.499  INFO 16871 --- [    Test worker] o.hibernate.jpa.internal.util.LogHelper  : HHH000204: Processing PersistenceUnitInfo [name: default]
2022-07-12 12:37:50.552  INFO 16871 --- [    Test worker] org.hibernate.Version                    : HHH000412: Hibernate ORM core version 5.6.9.Final
2022-07-12 12:37:50.830  INFO 16871 --- [    Test worker] o.hibernate.annotations.common.Version   : HCANN000001: Hibernate Commons Annotations {5.1.2.Final}
2022-07-12 12:37:50.977  INFO 16871 --- [    Test worker] com.zaxxer.hikari.HikariDataSource       : HikariPool-1 - Starting...
2022-07-12 12:37:52.307  INFO 16871 --- [    Test worker] com.zaxxer.hikari.HikariDataSource       : HikariPool-1 - Start completed.
2022-07-12 12:37:52.330  INFO 16871 --- [    Test worker] org.hibernate.dialect.Dialect            : HHH000400: Using dialect: org.hibernate.dialect.MySQL5InnoDBDialect
2022-07-12 12:37:53.627 DEBUG 16871 --- [    Test worker] org.hibernate.SQL                        : create table students (id bigint not null auto_increment, email varchar(255), first_name varchar(255) not null, last_name varchar(255) not null, primary key (id)) engine=InnoDB
2022-07-12 12:37:53.893  INFO 16871 --- [    Test worker] o.h.e.t.j.p.i.JtaPlatformInitiator       : HHH000490: Using JtaPlatform implementation: [org.hibernate.engine.transaction.jta.platform.internal.NoJtaPlatform]
2022-07-12 12:37:53.901  INFO 16871 --- [    Test worker] j.LocalContainerEntityManagerFactoryBean : Initialized JPA EntityManagerFactory for persistence unit 'default'
2022-07-12 12:37:54.545  WARN 16871 --- [    Test worker] JpaBaseConfiguration$JpaWebConfiguration : spring.jpa.open-in-view is enabled by default. Therefore, database queries may be performed during view rendering. Explicitly configure spring.jpa.open-in-view to disable this warning
2022-07-12 12:37:55.394  INFO 16871 --- [    Test worker] .StudentManagementSystemApplicationTests : Started StudentManagementSystemApplicationTests in 7.638 seconds (JVM running for 10.271)
]]></system-out>
  <system-err><![CDATA[]]></system-err>
</testsuite>
