<?xml version="1.0" encoding="UTF-8"?>
<testsuite name="net.grigdim.sms.StudentManagementSystemApplicationTests" tests="1" skipped="0" failures="0" errors="0" timestamp="2022-07-12T16:42:10" hostname="Silias-MacBook-Pro.local" time="0.308">
  <properties/>
  <testcase name="contextLoads()" classname="net.grigdim.sms.StudentManagementSystemApplicationTests" time="0.308"/>
  <system-out><![CDATA[19:42:00.723 [Test worker] DEBUG org.springframework.test.context.BootstrapUtils - Instantiating CacheAwareContextLoaderDelegate from class [org.springframework.test.context.cache.DefaultCacheAwareContextLoaderDelegate]
19:42:00.744 [Test worker] DEBUG org.springframework.test.context.BootstrapUtils - Instantiating BootstrapContext using constructor [public org.springframework.test.context.support.DefaultBootstrapContext(java.lang.Class,org.springframework.test.context.CacheAwareContextLoaderDelegate)]
19:42:00.820 [Test worker] DEBUG org.springframework.test.context.BootstrapUtils - Instantiating TestContextBootstrapper for test class [net.grigdim.sms.StudentManagementSystemApplicationTests] from class [org.springframework.boot.test.context.SpringBootTestContextBootstrapper]
19:42:00.845 [Test worker] INFO org.springframework.boot.test.context.SpringBootTestContextBootstrapper - Neither @ContextConfiguration nor @ContextHierarchy found for test class [net.grigdim.sms.StudentManagementSystemApplicationTests], using SpringBootContextLoader
19:42:00.851 [Test worker] DEBUG org.springframework.test.context.support.AbstractContextLoader - Did not detect default resource location for test class [net.grigdim.sms.StudentManagementSystemApplicationTests]: class path resource [net/grigdim/sms/StudentManagementSystemApplicationTests-context.xml] does not exist
19:42:00.853 [Test worker] DEBUG org.springframework.test.context.support.AbstractContextLoader - Did not detect default resource location for test class [net.grigdim.sms.StudentManagementSystemApplicationTests]: class path resource [net/grigdim/sms/StudentManagementSystemApplicationTestsContext.groovy] does not exist
19:42:00.853 [Test worker] INFO org.springframework.test.context.support.AbstractContextLoader - Could not detect default resource locations for test class [net.grigdim.sms.StudentManagementSystemApplicationTests]: no resource found for suffixes {-context.xml, Context.groovy}.
19:42:00.855 [Test worker] INFO org.springframework.test.context.support.AnnotationConfigContextLoaderUtils - Could not detect default configuration classes for test class [net.grigdim.sms.StudentManagementSystemApplicationTests]: StudentManagementSystemApplicationTests does not declare any static, non-private, non-final, nested classes annotated with @Configuration.
19:42:01.089 [Test worker] DEBUG org.springframework.test.context.support.ActiveProfilesUtils - Could not find an 'annotation declaring class' for annotation type [org.springframework.test.context.ActiveProfiles] and class [net.grigdim.sms.StudentManagementSystemApplicationTests]
19:42:01.323 [Test worker] DEBUG org.springframework.context.annotation.ClassPathScanningCandidateComponentProvider - Identified candidate component class: file [/Users/sils/Desktop/IdeaProjects/student-management-app/student-management-app/build/classes/java/main/net/grigdim/sms/StudentManagementSystemApplication.class]
19:42:01.325 [Test worker] INFO org.springframework.boot.test.context.SpringBootTestContextBootstrapper - Found @SpringBootConfiguration net.grigdim.sms.StudentManagementSystemApplication for test class net.grigdim.sms.StudentManagementSystemApplicationTests
19:42:01.482 [Test worker] DEBUG org.springframework.boot.test.context.SpringBootTestContextBootstrapper - @TestExecutionListeners is not present for class [net.grigdim.sms.StudentManagementSystemApplicationTests]: using defaults.
19:42:01.483 [Test worker] INFO org.springframework.boot.test.context.SpringBootTestContextBootstrapper - Loaded default TestExecutionListener class names from location [META-INF/spring.factories]: [org.springframework.boot.test.autoconfigure.restdocs.RestDocsTestExecutionListener, org.springframework.boot.test.autoconfigure.web.client.MockRestServiceServerResetTestExecutionListener, org.springframework.boot.test.autoconfigure.web.servlet.MockMvcPrintOnlyOnFailureTestExecutionListener, org.springframework.boot.test.autoconfigure.web.servlet.WebDriverTestExecutionListener, org.springframework.boot.test.autoconfigure.webservices.client.MockWebServiceServerTestExecutionListener, org.springframework.boot.test.mock.mockito.MockitoTestExecutionListener, org.springframework.boot.test.mock.mockito.ResetMocksTestExecutionListener, org.springframework.test.context.web.ServletTestExecutionListener, org.springframework.test.context.support.DirtiesContextBeforeModesTestExecutionListener, org.springframework.test.context.event.ApplicationEventsTestExecutionListener, org.springframework.test.context.support.DependencyInjectionTestExecutionListener, org.springframework.test.context.support.DirtiesContextTestExecutionListener, org.springframework.test.context.transaction.TransactionalTestExecutionListener, org.springframework.test.context.jdbc.SqlScriptsTestExecutionListener, org.springframework.test.context.event.EventPublishingTestExecutionListener]
19:42:01.557 [Test worker] INFO org.springframework.boot.test.context.SpringBootTestContextBootstrapper - Using TestExecutionListeners: [org.springframework.test.context.web.ServletTestExecutionListener@5316e95f, org.springframework.test.context.support.DirtiesContextBeforeModesTestExecutionListener@3f053c80, org.springframework.test.context.event.ApplicationEventsTestExecutionListener@6c6c5427, org.springframework.boot.test.mock.mockito.MockitoTestExecutionListener@618c5d94, org.springframework.boot.test.autoconfigure.SpringBootDependencyInjectionTestExecutionListener@5b40ceb, org.springframework.test.context.support.DirtiesContextTestExecutionListener@13c3c1e1, org.springframework.test.context.transaction.TransactionalTestExecutionListener@1d8062d2, org.springframework.test.context.jdbc.SqlScriptsTestExecutionListener@1e63ec0b, org.springframework.test.context.event.EventPublishingTestExecutionListener@3b956878, org.springframework.boot.test.autoconfigure.restdocs.RestDocsTestExecutionListener@36546a22, org.springframework.boot.test.autoconfigure.web.client.MockRestServiceServerResetTestExecutionListener@285c08c8, org.springframework.boot.test.autoconfigure.web.servlet.MockMvcPrintOnlyOnFailureTestExecutionListener@295eaa7c, org.springframework.boot.test.autoconfigure.web.servlet.WebDriverTestExecutionListener@3918c187, org.springframework.boot.test.autoconfigure.webservices.client.MockWebServiceServerTestExecutionListener@2c88b9fc, org.springframework.boot.test.mock.mockito.ResetMocksTestExecutionListener@64dafeed]
19:42:01.565 [Test worker] DEBUG org.springframework.test.context.support.AbstractDirtiesContextTestExecutionListener - Before test class: context [DefaultTestContext@14f5da2c testClass = StudentManagementSystemApplicationTests, testInstance = [null], testMethod = [null], testException = [null], mergedContextConfiguration = [WebMergedContextConfiguration@12dae582 testClass = StudentManagementSystemApplicationTests, locations = '{}', classes = '{class net.grigdim.sms.StudentManagementSystemApplication}', contextInitializerClasses = '[]', activeProfiles = '{}', propertySourceLocations = '{}', propertySourceProperties = '{org.springframework.boot.test.context.SpringBootTestContextBootstrapper=true}', contextCustomizers = set[org.springframework.boot.test.autoconfigure.actuate.metrics.MetricsExportContextCustomizerFactory$DisableMetricExportContextCustomizer@1583741e, org.springframework.boot.test.autoconfigure.properties.PropertyMappingContextCustomizer@0, org.springframework.boot.test.autoconfigure.web.servlet.WebDriverContextCustomizerFactory$Customizer@4f3bbf68, org.springframework.boot.test.context.filter.ExcludeFilterContextCustomizer@2421cc4, org.springframework.boot.test.json.DuplicateJsonObjectContextCustomizerFactory$DuplicateJsonObjectContextCustomizer@58ce9668, org.springframework.boot.test.mock.mockito.MockitoContextCustomizer@0, org.springframework.boot.test.web.client.TestRestTemplateContextCustomizer@7a55af6b, org.springframework.boot.test.context.SpringBootTestArgs@1, org.springframework.boot.test.context.SpringBootTestWebEnvironment@117e949d], resourceBasePath = 'src/main/webapp', contextLoader = 'org.springframework.boot.test.context.SpringBootContextLoader', parent = [null]], attributes = map['org.springframework.test.context.web.ServletTestExecutionListener.activateListener' -> true]], class annotated with @DirtiesContext [false] with mode [null].

  .   ____          _            __ _ _
 /\\ / ___'_ __ _ _(_)_ __  __ _ \ \ \ \
( ( )\___ | '_ | '_| | '_ \/ _` | \ \ \ \
 \\/  ___)| |_)| | | | | || (_| |  ) ) ) )
  '  |____| .__|_| |_|_| |_\__, | / / / /
 =========|_|==============|___/=/_/_/_/
 :: Spring Boot ::                (v2.7.1)

2022-07-12 19:42:02.509  INFO 56680 --- [    Test worker] .StudentManagementSystemApplicationTests : Starting StudentManagementSystemApplicationTests using Java 17.0.2 on Silias-MacBook-Pro.local with PID 56680 (started by sils in /Users/sils/Desktop/IdeaProjects/student-management-app/student-management-app)
2022-07-12 19:42:02.512  INFO 56680 --- [    Test worker] .StudentManagementSystemApplicationTests : No active profile set, falling back to 1 default profile: "default"
2022-07-12 19:42:03.868  INFO 56680 --- [    Test worker] .s.d.r.c.RepositoryConfigurationDelegate : Bootstrapping Spring Data JPA repositories in DEFAULT mode.
2022-07-12 19:42:04.022  INFO 56680 --- [    Test worker] .s.d.r.c.RepositoryConfigurationDelegate : Finished Spring Data repository scanning in 124 ms. Found 1 JPA repository interfaces.
2022-07-12 19:42:04.960  INFO 56680 --- [    Test worker] o.hibernate.jpa.internal.util.LogHelper  : HHH000204: Processing PersistenceUnitInfo [name: default]
2022-07-12 19:42:05.429  INFO 56680 --- [    Test worker] org.hibernate.Version                    : HHH000412: Hibernate ORM core version 5.6.9.Final
2022-07-12 19:42:05.756  INFO 56680 --- [    Test worker] o.hibernate.annotations.common.Version   : HCANN000001: Hibernate Commons Annotations {5.1.2.Final}
2022-07-12 19:42:05.880  INFO 56680 --- [    Test worker] com.zaxxer.hikari.HikariDataSource       : HikariPool-1 - Starting...
2022-07-12 19:42:06.585  INFO 56680 --- [    Test worker] com.zaxxer.hikari.HikariDataSource       : HikariPool-1 - Start completed.
2022-07-12 19:42:06.607  INFO 56680 --- [    Test worker] org.hibernate.dialect.Dialect            : HHH000400: Using dialect: org.hibernate.dialect.MySQL5InnoDBDialect
2022-07-12 19:42:08.383  INFO 56680 --- [    Test worker] o.h.e.t.j.p.i.JtaPlatformInitiator       : HHH000490: Using JtaPlatform implementation: [org.hibernate.engine.transaction.jta.platform.internal.NoJtaPlatform]
2022-07-12 19:42:08.399  INFO 56680 --- [    Test worker] j.LocalContainerEntityManagerFactoryBean : Initialized JPA EntityManagerFactory for persistence unit 'default'
2022-07-12 19:42:09.285  WARN 56680 --- [    Test worker] JpaBaseConfiguration$JpaWebConfiguration : spring.jpa.open-in-view is enabled by default. Therefore, database queries may be performed during view rendering. Explicitly configure spring.jpa.open-in-view to disable this warning
2022-07-12 19:42:10.270  INFO 56680 --- [    Test worker] .StudentManagementSystemApplicationTests : Started StudentManagementSystemApplicationTests in 8.577 seconds (JVM running for 11.922)
]]></system-out>
  <system-err><![CDATA[]]></system-err>
</testsuite>
